\BOOKMARK [1][-]{section.1}{Introduction}{}% 1
\BOOKMARK [2][-]{subsection.1.1}{Binary\040classification}{section.1}% 2
\BOOKMARK [2][-]{subsection.1.2}{Problem\040explaination}{section.1}% 3
\BOOKMARK [2][-]{subsection.1.3}{Liblinear}{section.1}% 4
\BOOKMARK [1][-]{section.2}{Min-max\040algorithm}{}% 5
\BOOKMARK [1][-]{section.3}{Parallelization}{}% 6
\BOOKMARK [1][-]{section.4}{Implementation}{}% 7
\BOOKMARK [2][-]{subsection.4.1}{usage}{section.4}% 8
\BOOKMARK [2][-]{subsection.4.2}{structure}{section.4}% 9
\BOOKMARK [2][-]{subsection.4.3}{settings.py}{section.4}% 10
\BOOKMARK [2][-]{subsection.4.4}{utils\040and\040tools}{section.4}% 11
\BOOKMARK [2][-]{subsection.4.5}{drawroc.py}{section.4}% 12
\BOOKMARK [2][-]{subsection.4.6}{timer}{section.4}% 13
\BOOKMARK [2][-]{subsection.4.7}{core}{section.4}% 14
\BOOKMARK [1][-]{section.5}{Trainning\040Result}{}% 15
\BOOKMARK [1][-]{section.6}{Analysis}{}% 16
\BOOKMARK [2][-]{subsection.6.1}{F1\040scores}{section.6}% 17
\BOOKMARK [2][-]{subsection.6.2}{ROC\040curve}{section.6}% 18
\BOOKMARK [2][-]{subsection.6.3}{Comparison\040of\040the\040three\040algorithms}{section.6}% 19
\BOOKMARK [2][-]{subsection.6.4}{Comparison\040between\040serial\040and\040paralleled}{section.6}% 20
